0 info it worked if it ends with ok
1 verbose cli [ '/Users/freemanyam/.nvm/versions/node/v8.11.3/bin/node',
1 verbose cli   '/Users/freemanyam/.nvm/versions/node/v8.11.3/bin/npm',
1 verbose cli   'run',
1 verbose cli   'test',
1 verbose cli   '--no-cache' ]
2 info using npm@5.6.0
3 info using node@v8.11.3
4 verbose run-script [ 'pretest', 'test', 'posttest' ]
5 info lifecycle todo@0.1.0~pretest: todo@0.1.0
6 info lifecycle todo@0.1.0~test: todo@0.1.0
7 verbose lifecycle todo@0.1.0~test: unsafe-perm in lifecycle true
8 verbose lifecycle todo@0.1.0~test: PATH: /Users/freemanyam/.nvm/versions/node/v8.11.3/lib/node_modules/npm/node_modules/npm-lifecycle/node-gyp-bin:/Users/freemanyam/Sites/sb/vue-todo/todo/node_modules/.bin:/Users/freemanyam/.nvm/versions/node/v8.11.3/bin:Users/freemanyam/.nvm/versions/node/v8.1.2/bin:/usr/local/bin:/usr/bin:/bin:/usr/sbin:/sbin:/Users/freemanyam/Go/bin:/usr/local/opt/go/libexec/bin
9 verbose lifecycle todo@0.1.0~test: CWD: /Users/freemanyam/Sites/sb/vue-todo/todo
10 silly lifecycle todo@0.1.0~test: Args: [ '-c', 'jest' ]
11 silly lifecycle todo@0.1.0~test: Returned: code: 1  signal: null
12 info lifecycle todo@0.1.0~test: Failed to exec test script
13 verbose stack Error: todo@0.1.0 test: `jest`
13 verbose stack Exit status 1
13 verbose stack     at EventEmitter.<anonymous> (/Users/freemanyam/.nvm/versions/node/v8.11.3/lib/node_modules/npm/node_modules/npm-lifecycle/index.js:285:16)
13 verbose stack     at emitTwo (events.js:126:13)
13 verbose stack     at EventEmitter.emit (events.js:214:7)
13 verbose stack     at ChildProcess.<anonymous> (/Users/freemanyam/.nvm/versions/node/v8.11.3/lib/node_modules/npm/node_modules/npm-lifecycle/lib/spawn.js:55:14)
13 verbose stack     at emitTwo (events.js:126:13)
13 verbose stack     at ChildProcess.emit (events.js:214:7)
13 verbose stack     at maybeClose (internal/child_process.js:925:16)
13 verbose stack     at Process.ChildProcess._handle.onexit (internal/child_process.js:209:5)
14 verbose pkgid todo@0.1.0
15 verbose cwd /Users/freemanyam/Sites/sb/vue-todo/todo
16 verbose Darwin 17.5.0
17 verbose argv "/Users/freemanyam/.nvm/versions/node/v8.11.3/bin/node" "/Users/freemanyam/.nvm/versions/node/v8.11.3/bin/npm" "run" "test" "--no-cache"
18 verbose node v8.11.3
19 verbose npm  v5.6.0
20 error code ELIFECYCLE
21 error errno 1
22 error todo@0.1.0 test: `jest`
22 error Exit status 1
23 error Failed at the todo@0.1.0 test script.
23 error This is probably not a problem with npm. There is likely additional logging output above.
24 verbose exit [ 1, true ]
